<?xml version="1.0" encoding="UTF-8"?>
<testng-results ignored="0" total="1" passed="1" failed="0" skipped="0">
  <reporter-output>
  </reporter-output>
  <suite started-at="2025-03-20T23:04:48 IST" name="Default suite" finished-at="2025-03-20T23:04:56 IST" duration-ms="7974">
    <groups>
      <group name="integration">
        <method signature="CreatePatientAndSearchbyNameTest.createPatientAndSearchbyNameTest()[pri:0, instance:com.geneuineCare.healthCare.doctorTest.CreatePatientAndSearchbyNameTest@c730b35]" name="createPatientAndSearchbyNameTest" class="com.geneuineCare.healthCare.doctorTest.CreatePatientAndSearchbyNameTest"/>
      </group> <!-- integration -->
    </groups>
    <test started-at="2025-03-20T23:04:48 IST" name="Default test" finished-at="2025-03-20T23:04:56 IST" duration-ms="7974">
      <class name="com.geneuineCare.healthCare.doctorTest.CreatePatientAndSearchbyNameTest">
        <test-method is-config="true" signature="configBS()[pri:0, instance:com.geneuineCare.healthCare.doctorTest.CreatePatientAndSearchbyNameTest@c730b35]" started-at="2025-03-20T23:04:48 IST" name="configBS" finished-at="2025-03-20T23:04:48 IST" duration-ms="12" status="PASS">
          <reporter-output>
          </reporter-output>
        </test-method> <!-- configBS -->
        <test-method is-config="true" signature="configBC()[pri:0, instance:com.geneuineCare.healthCare.doctorTest.CreatePatientAndSearchbyNameTest@c730b35]" started-at="2025-03-20T23:04:48 IST" name="configBC" finished-at="2025-03-20T23:04:50 IST" duration-ms="1946" status="PASS">
          <reporter-output>
          </reporter-output>
        </test-method> <!-- configBC -->
        <test-method is-config="true" signature="configBM()[pri:0, instance:com.geneuineCare.healthCare.doctorTest.CreatePatientAndSearchbyNameTest@c730b35]" started-at="2025-03-20T23:04:50 IST" name="configBM" finished-at="2025-03-20T23:04:50 IST" duration-ms="57" status="PASS">
          <reporter-output>
          </reporter-output>
        </test-method> <!-- configBM -->
        <test-method signature="createPatientAndSearchbyNameTest()[pri:0, instance:com.geneuineCare.healthCare.doctorTest.CreatePatientAndSearchbyNameTest@c730b35]" started-at="2025-03-20T23:04:50 IST" name="createPatientAndSearchbyNameTest" finished-at="2025-03-20T23:04:55 IST" duration-ms="5257" status="PASS">
          <reporter-output>
          </reporter-output>
        </test-method> <!-- createPatientAndSearchbyNameTest -->
        <test-method is-config="true" signature="configAM()[pri:0, instance:com.geneuineCare.healthCare.doctorTest.CreatePatientAndSearchbyNameTest@c730b35]" started-at="2025-03-20T23:04:55 IST" name="configAM" finished-at="2025-03-20T23:04:56 IST" duration-ms="329" status="PASS">
          <reporter-output>
          </reporter-output>
        </test-method> <!-- configAM -->
        <test-method is-config="true" signature="configAC()[pri:0, instance:com.geneuineCare.healthCare.doctorTest.CreatePatientAndSearchbyNameTest@c730b35]" started-at="2025-03-20T23:04:56 IST" name="configAC" finished-at="2025-03-20T23:04:56 IST" duration-ms="322" status="PASS">
          <reporter-output>
          </reporter-output>
        </test-method> <!-- configAC -->
        <test-method is-config="true" signature="configAS()[pri:0, instance:com.geneuineCare.healthCare.doctorTest.CreatePatientAndSearchbyNameTest@c730b35]" started-at="2025-03-20T23:04:56 IST" name="configAS" finished-at="2025-03-20T23:04:56 IST" duration-ms="2" status="PASS">
          <reporter-output>
          </reporter-output>
        </test-method> <!-- configAS -->
      </class> <!-- com.geneuineCare.healthCare.doctorTest.CreatePatientAndSearchbyNameTest -->
    </test> <!-- Default test -->
  </suite> <!-- Default suite -->
</testng-results>
