<?xml version="1.0" encoding="UTF-8"?>
<!-- Generated by org.testng.reporters.JUnitXMLReporter -->
<testsuite ignored="23" hostname="LAPTOP-CUL491K4" failures="0" tests="2" name="Test" time="41.904" errors="0" timestamp="2025-03-19T10:03:47 IST">
  <testcase classname="com.geneuineCare.healthCare.doctorTest.AddMedicalHistoryByDoctorTest" name="addMedicalHistoryByDoctorTest" time="22.288"/>
  <testcase classname="com.geneuineCare.healthCare.adminTest.CreateAndDeleteDoctorbyAdminTest" name="createAndDeleteDoctorbyAdminTest" time="7.92"/>
  <testcase classname="com.geneuineCare.healthCare.baseTest.BaseClass" name="@AfterSuite configAS" time="0.0">
    <ignored/>
  </testcase> <!-- @AfterSuite configAS -->
  <testcase classname="com.geneuineCare.healthCare.baseTest.BaseClass" name="@BeforeSuite configBS" time="0.0">
    <ignored/>
  </testcase> <!-- @BeforeSuite configBS -->
  <testcase classname="com.geneuineCare.healthCare.patientTest.PatientAppointmentTest" name="patientAppointmentTest" time="0.0">
    <ignored/>
  </testcase> <!-- patientAppointmentTest -->
  <testcase classname="com.geneuineCare.healthCare.baseTest.BaseClass" name="@AfterSuite configAS" time="0.0">
    <ignored/>
  </testcase> <!-- @AfterSuite configAS -->
  <testcase classname="com.geneuineCare.healthCare.baseTest.BaseClass" name="@BeforeSuite configBS" time="0.0">
    <ignored/>
  </testcase> <!-- @BeforeSuite configBS -->
  <testcase classname="com.geneuineCare.healthCare.baseTest.BaseClass" name="@AfterSuite configAS" time="0.0">
    <ignored/>
  </testcase> <!-- @AfterSuite configAS -->
  <testcase classname="com.geneuineCare.healthCare.baseTest.BaseClass" name="@AfterSuite configAS" time="0.0">
    <ignored/>
  </testcase> <!-- @AfterSuite configAS -->
  <testcase classname="com.geneuineCare.healthCare.patientTest.CreatePatientAccountTest" name="createPatientAccountTest" time="0.0">
    <ignored/>
  </testcase> <!-- createPatientAccountTest -->
  <testcase classname="com.geneuineCare.healthCare.baseTest.BaseClass" name="@BeforeSuite configBS" time="0.0">
    <ignored/>
  </testcase> <!-- @BeforeSuite configBS -->
  <testcase classname="com.geneuineCare.healthCare.baseTest.BaseClass" name="@AfterSuite configAS" time="0.0">
    <ignored/>
  </testcase> <!-- @AfterSuite configAS -->
  <testcase classname="com.geneuineCare.healthCare.baseTest.BaseClass" name="@BeforeSuite configBS" time="0.0">
    <ignored/>
  </testcase> <!-- @BeforeSuite configBS -->
  <testcase classname="com.geneuineCare.healthCare.baseTest.BaseClass" name="@AfterSuite configAS" time="0.0">
    <ignored/>
  </testcase> <!-- @AfterSuite configAS -->
  <testcase classname="com.geneuineCare.healthCare.adminTest.CreateDoctorTest" name="createDoctorTest" time="0.0">
    <ignored/>
  </testcase> <!-- createDoctorTest -->
  <testcase classname="com.geneuineCare.healthCare.baseTest.BaseClass" name="@AfterSuite configAS" time="0.0">
    <ignored/>
  </testcase> <!-- @AfterSuite configAS -->
  <testcase classname="com.geneuineCare.healthCare.baseTest.BaseClass" name="@BeforeSuite configBS" time="0.0">
    <ignored/>
  </testcase> <!-- @BeforeSuite configBS -->
  <testcase classname="com.geneuineCare.healthCare.doctorTest.CreatePatientAndSearchbyNameTest" name="createPatientAndSearchbyNameTest" time="0.0">
    <ignored/>
  </testcase> <!-- createPatientAndSearchbyNameTest -->
  <testcase classname="com.geneuineCare.healthCare.patientTest.PatientLogingTest" name="patientLogingTest" time="0.0">
    <ignored/>
  </testcase> <!-- patientLogingTest -->
  <testcase classname="com.geneuineCare.healthCare.baseTest.BaseClass" name="@BeforeSuite configBS" time="0.0">
    <ignored/>
  </testcase> <!-- @BeforeSuite configBS -->
  <testcase classname="com.geneuineCare.healthCare.doctorTest.CreatePatientByDoctorTest" name="createPatientByDoctorTest" time="0.0">
    <ignored/>
  </testcase> <!-- createPatientByDoctorTest -->
  <testcase classname="com.geneuineCare.healthCare.baseTest.BaseClass" name="@BeforeSuite configBS" time="0.0">
    <ignored/>
  </testcase> <!-- @BeforeSuite configBS -->
  <testcase classname="com.geneuineCare.healthCare.baseTest.BaseClass" name="@AfterSuite configAS" time="0.0">
    <ignored/>
  </testcase> <!-- @AfterSuite configAS -->
  <testcase classname="com.geneuineCare.healthCare.baseTest.BaseClass" name="@BeforeSuite configBS" time="0.0">
    <ignored/>
  </testcase> <!-- @BeforeSuite configBS -->
  <testcase classname="com.geneuineCare.healthCare.adminTest.CreateSpecializationTest" name="createSpecializationTest" time="0.0">
    <ignored/>
  </testcase> <!-- createSpecializationTest -->
</testsuite> <!-- Test -->
