<?xml version="1.0" encoding="UTF-8"?>
<!-- Generated by org.testng.reporters.JUnitXMLReporter -->
<testsuite ignored="16" hostname="LAPTOP-CUL491K4" failures="2" tests="9" name="Test" time="99.482" errors="0" timestamp="2025-03-20T22:41:34 IST">
  <testcase classname="com.geneuineCare.healthCare.doctorTest.AddMedicalHistoryByDoctorTest" name="addMedicalHistoryByDoctorTest" time="9.361"/>
  <testcase classname="com.geneuineCare.healthCare.adminTest.CreateSpecializationTest" name="createSpecializationTest" time="4.974">
    <failure type="java.lang.AssertionError" message="Speacialization could not get successfully Deleted expected [false] but found [true]">
      <![CDATA[java.lang.AssertionError: Speacialization could not get successfully Deleted expected [false] but found [true]
at com.geneuineCare.healthCare.adminTest.CreateSpecializationTest.createSpecializationTest(CreateSpecializationTest.java:63)
at java.base/java.util.ArrayList.forEach(ArrayList.java:1597)
... Removed 28 stack frames]]>
    </failure>
  </testcase> <!-- createSpecializationTest -->
  <testcase classname="com.geneuineCare.healthCare.adminTest.CreateDoctorTest" name="createDoctorTest" time="5.887"/>
  <testcase classname="com.geneuineCare.healthCare.doctorTest.CreatePatientByDoctorTest" name="createPatientByDoctorTest" time="3.949"/>
  <testcase classname="com.geneuineCare.healthCare.adminTest.CreateAndDeleteDoctorbyAdminTest" name="createAndDeleteDoctorbyAdminTest" time="7.53">
    <failure type="java.lang.AssertionError" message="Doctor could not get deleted successfully expected [false] but found [true]">
      <![CDATA[java.lang.AssertionError: Doctor could not get deleted successfully expected [false] but found [true]
at com.geneuineCare.healthCare.adminTest.CreateAndDeleteDoctorbyAdminTest.createAndDeleteDoctorbyAdminTest(CreateAndDeleteDoctorbyAdminTest.java:65)
at java.base/java.util.ArrayList.forEach(ArrayList.java:1597)
... Removed 28 stack frames]]>
    </failure>
  </testcase> <!-- createAndDeleteDoctorbyAdminTest -->
  <testcase classname="com.geneuineCare.healthCare.patientTest.PatientAppointmentTest" name="patientAppointmentTest" time="6.114"/>
  <testcase classname="com.geneuineCare.healthCare.doctorTest.CreatePatientAndSearchbyNameTest" name="createPatientAndSearchbyNameTest" time="8.073"/>
  <testcase classname="com.geneuineCare.healthCare.patientTest.CreatePatientAccountTest" name="createPatientAccountTest" time="12.935"/>
  <testcase classname="com.geneuineCare.healthCare.patientTest.PatientLogingTest" name="patientLogingTest" time="1.92"/>
  <testcase classname="com.geneuineCare.healthCare.baseTest.BaseClass" name="@BeforeSuite configBS" time="0.0">
    <ignored/>
  </testcase> <!-- @BeforeSuite configBS -->
  <testcase classname="com.geneuineCare.healthCare.baseTest.BaseClass" name="@BeforeSuite configBS" time="0.0">
    <ignored/>
  </testcase> <!-- @BeforeSuite configBS -->
  <testcase classname="com.geneuineCare.healthCare.baseTest.BaseClass" name="@BeforeSuite configBS" time="0.0">
    <ignored/>
  </testcase> <!-- @BeforeSuite configBS -->
  <testcase classname="com.geneuineCare.healthCare.baseTest.BaseClass" name="@AfterSuite configAS" time="0.0">
    <ignored/>
  </testcase> <!-- @AfterSuite configAS -->
  <testcase classname="com.geneuineCare.healthCare.baseTest.BaseClass" name="@AfterSuite configAS" time="0.0">
    <ignored/>
  </testcase> <!-- @AfterSuite configAS -->
  <testcase classname="com.geneuineCare.healthCare.baseTest.BaseClass" name="@AfterSuite configAS" time="0.0">
    <ignored/>
  </testcase> <!-- @AfterSuite configAS -->
  <testcase classname="com.geneuineCare.healthCare.baseTest.BaseClass" name="@AfterSuite configAS" time="0.0">
    <ignored/>
  </testcase> <!-- @AfterSuite configAS -->
  <testcase classname="com.geneuineCare.healthCare.baseTest.BaseClass" name="@AfterSuite configAS" time="0.0">
    <ignored/>
  </testcase> <!-- @AfterSuite configAS -->
  <testcase classname="com.geneuineCare.healthCare.baseTest.BaseClass" name="@BeforeSuite configBS" time="0.0">
    <ignored/>
  </testcase> <!-- @BeforeSuite configBS -->
  <testcase classname="com.geneuineCare.healthCare.baseTest.BaseClass" name="@BeforeSuite configBS" time="0.0">
    <ignored/>
  </testcase> <!-- @BeforeSuite configBS -->
  <testcase classname="com.geneuineCare.healthCare.baseTest.BaseClass" name="@AfterSuite configAS" time="0.0">
    <ignored/>
  </testcase> <!-- @AfterSuite configAS -->
  <testcase classname="com.geneuineCare.healthCare.baseTest.BaseClass" name="@BeforeSuite configBS" time="0.0">
    <ignored/>
  </testcase> <!-- @BeforeSuite configBS -->
  <testcase classname="com.geneuineCare.healthCare.baseTest.BaseClass" name="@AfterSuite configAS" time="0.0">
    <ignored/>
  </testcase> <!-- @AfterSuite configAS -->
  <testcase classname="com.geneuineCare.healthCare.baseTest.BaseClass" name="@AfterSuite configAS" time="0.0">
    <ignored/>
  </testcase> <!-- @AfterSuite configAS -->
  <testcase classname="com.geneuineCare.healthCare.baseTest.BaseClass" name="@BeforeSuite configBS" time="0.0">
    <ignored/>
  </testcase> <!-- @BeforeSuite configBS -->
  <testcase classname="com.geneuineCare.healthCare.baseTest.BaseClass" name="@BeforeSuite configBS" time="0.0">
    <ignored/>
  </testcase> <!-- @BeforeSuite configBS -->
</testsuite> <!-- Test -->
