<?xml version="1.0" encoding="UTF-8"?>
<!-- Generated by org.testng.reporters.JUnitXMLReporter -->
<testsuite ignored="10" hostname="LAPTOP-CUL491K4" failures="1" tests="6" name="Test2" time="132.048" errors="0" timestamp="2025-03-19T10:12:52 IST">
  <testcase classname="com.geneuineCare.healthCare.doctorTest.AddMedicalHistoryByDoctorTest" name="addMedicalHistoryByDoctorTest" time="21.12"/>
  <testcase classname="com.geneuineCare.healthCare.adminTest.CreateDoctorTest" name="createDoctorTest" time="7.684"/>
  <testcase classname="com.geneuineCare.healthCare.adminTest.CreateSpecializationTest" name="createSpecializationTest" time="10.726">
    <failure type="java.lang.AssertionError" message="Speacialization could not get successfully Deleted expected [false] but found [true]">
      <![CDATA[java.lang.AssertionError: Speacialization could not get successfully Deleted expected [false] but found [true]
at com.geneuineCare.healthCare.adminTest.CreateSpecializationTest.createSpecializationTest(CreateSpecializationTest.java:63)
at java.base/java.util.ArrayList.forEach(ArrayList.java:1597)
at java.base/java.util.concurrent.FutureTask.run(FutureTask.java:317)
at java.base/java.util.concurrent.ThreadPoolExecutor.runWorker(ThreadPoolExecutor.java:1144)
at java.base/java.util.concurrent.ThreadPoolExecutor$Worker.run(ThreadPoolExecutor.java:642)
at java.base/java.lang.Thread.run(Thread.java:1570)
... Removed 18 stack frames]]>
    </failure>
  </testcase> <!-- createSpecializationTest -->
  <testcase classname="com.geneuineCare.healthCare.doctorTest.CreatePatientByDoctorTest" name="createPatientByDoctorTest" time="9.905"/>
  <testcase classname="com.geneuineCare.healthCare.adminTest.CreateAndDeleteDoctorbyAdminTest" name="createAndDeleteDoctorbyAdminTest" time="13.016"/>
  <testcase classname="com.geneuineCare.healthCare.doctorTest.CreatePatientAndSearchbyNameTest" name="createPatientAndSearchbyNameTest" time="14.009"/>
  <testcase classname="com.geneuineCare.healthCare.baseTest.BaseClass" name="@BeforeSuite configBS" time="0.0">
    <ignored/>
  </testcase> <!-- @BeforeSuite configBS -->
  <testcase classname="com.geneuineCare.healthCare.baseTest.BaseClass" name="@BeforeSuite configBS" time="0.0">
    <ignored/>
  </testcase> <!-- @BeforeSuite configBS -->
  <testcase classname="com.geneuineCare.healthCare.baseTest.BaseClass" name="@AfterSuite configAS" time="0.0">
    <ignored/>
  </testcase> <!-- @AfterSuite configAS -->
  <testcase classname="com.geneuineCare.healthCare.baseTest.BaseClass" name="@BeforeSuite configBS" time="0.0">
    <ignored/>
  </testcase> <!-- @BeforeSuite configBS -->
  <testcase classname="com.geneuineCare.healthCare.baseTest.BaseClass" name="@AfterSuite configAS" time="0.0">
    <ignored/>
  </testcase> <!-- @AfterSuite configAS -->
  <testcase classname="com.geneuineCare.healthCare.baseTest.BaseClass" name="@AfterSuite configAS" time="0.0">
    <ignored/>
  </testcase> <!-- @AfterSuite configAS -->
  <testcase classname="com.geneuineCare.healthCare.baseTest.BaseClass" name="@AfterSuite configAS" time="0.0">
    <ignored/>
  </testcase> <!-- @AfterSuite configAS -->
  <testcase classname="com.geneuineCare.healthCare.baseTest.BaseClass" name="@BeforeSuite configBS" time="0.0">
    <ignored/>
  </testcase> <!-- @BeforeSuite configBS -->
  <testcase classname="com.geneuineCare.healthCare.baseTest.BaseClass" name="@BeforeSuite configBS" time="0.0">
    <ignored/>
  </testcase> <!-- @BeforeSuite configBS -->
  <testcase classname="com.geneuineCare.healthCare.baseTest.BaseClass" name="@AfterSuite configAS" time="0.0">
    <ignored/>
  </testcase> <!-- @AfterSuite configAS -->
</testsuite> <!-- Test2 -->
